<?xml version="1.0" encoding="UTF-8"?>
<!-- Generated by org.testng.reporters.JUnitReportReporter -->
<testsuite hostname="Nik" failures="0" tests="1" name="utilities.ExceluUtility" time="10.926" errors="0" timestamp="2024-02-08T18:27:25 IST" skipped="0">
  <testcase classname="utilities.ExceluUtility" name="signInTest" time="10.926"/>
</testsuite> <!-- utilities.ExceluUtility -->
