<?xml version="1.0" encoding="UTF-8"?>
<!-- Generated by org.testng.reporters.JUnitReportReporter -->
<testsuite hostname="Nik" failures="0" tests="2" name="pages.LoginTest" time="4.865" errors="0" timestamp="2024-02-10T12:52:40 IST" skipped="0">
  <testcase classname="pages.LoginTest" name="testSuccessfulLogin" time="2.045"/>
  <testcase classname="pages.LoginTest" name="testInvalidLogin" time="2.820"/>
</testsuite> <!-- pages.LoginTest -->
