<?xml version="1.0" encoding="UTF-8"?>
<!-- Generated by org.testng.reporters.JUnitReportReporter -->
<testsuite hostname="Nik" failures="0" tests="1" name="utilities.ExcelUtility" time="11.935" errors="0" timestamp="2024-02-09T11:33:19 IST" skipped="0">
  <testcase classname="utilities.ExcelUtility" name="signInTest" time="11.935"/>
</testsuite> <!-- utilities.ExcelUtility -->
